Determining if the pthread_create exist failed with the following output:
Change Dir: /home/tkseniya/Programming/Labs_El/Lab6/cmake-build-debug/CMakeFiles/CMakeTmp

Run Build Command:"/usr/bin/gmake" "cmTC_a8b52/fast"
/usr/bin/gmake -f CMakeFiles/cmTC_a8b52.dir/build.make CMakeFiles/cmTC_a8b52.dir/build
gmake[1]: Entering directory '/home/tkseniya/Programming/Labs_El/Lab6/cmake-build-debug/CMakeFiles/CMakeTmp'
Building C object CMakeFiles/cmTC_a8b52.dir/CheckSymbolExists.c.o
/usr/bin/cc    -o CMakeFiles/cmTC_a8b52.dir/CheckSymbolExists.c.o   -c /home/tkseniya/Programming/Labs_El/Lab6/cmake-build-debug/CMakeFiles/CMakeTmp/CheckSymbolExists.c
Linking C executable cmTC_a8b52
/home/tkseniya/Applicaitons/clion-2017.3.3/bin/cmake/bin/cmake -E cmake_link_script CMakeFiles/cmTC_a8b52.dir/link.txt --verbose=1
/usr/bin/cc      -rdynamic CMakeFiles/cmTC_a8b52.dir/CheckSymbolExists.c.o  -o cmTC_a8b52 
CMakeFiles/cmTC_a8b52.dir/CheckSymbolExists.c.o: In function `main':
CheckSymbolExists.c:(.text+0x16): undefined reference to `pthread_create'
collect2: error: ld returned 1 exit status
gmake[1]: *** [CMakeFiles/cmTC_a8b52.dir/build.make:98: cmTC_a8b52] Error 1
gmake[1]: Leaving directory '/home/tkseniya/Programming/Labs_El/Lab6/cmake-build-debug/CMakeFiles/CMakeTmp'
gmake: *** [Makefile:126: cmTC_a8b52/fast] Error 2

File /home/tkseniya/Programming/Labs_El/Lab6/cmake-build-debug/CMakeFiles/CMakeTmp/CheckSymbolExists.c:
/* */
#include <pthread.h>

int main(int argc, char** argv)
{
  (void)argv;
#ifndef pthread_create
  return ((int*)(&pthread_create))[argc];
#else
  (void)argc;
  return 0;
#endif
}

